  debugger.cpp
E:\大学课程\大三上_编译原理\实验\Compiler\Compiler\lexic_list.h(1,1): warning C4819: 该文件包含不能在当前代码页(936)中表示的字符。请将该文件保存为 Unicode 格式以防止数据丢失
  define_gramma.cpp
E:\大学课程\大三上_编译原理\实验\Compiler\Compiler\lexic_list.h(1,1): warning C4819: 该文件包含不能在当前代码页(936)中表示的字符。请将该文件保存为 Unicode 格式以防止数据丢失
  gramma_tool.cpp
E:\大学课程\大三上_编译原理\实验\Compiler\Compiler\lexic_list.h(1,1): warning C4819: 该文件包含不能在当前代码页(936)中表示的字符。请将该文件保存为 Unicode 格式以防止数据丢失
  lexical_analyzer.cpp
E:\大学课程\大三上_编译原理\实验\Compiler\Compiler\lexical_analyzer.cpp(1,1): warning C4819: 该文件包含不能在当前代码页(936)中表示的字符。请将该文件保存为 Unicode 格式以防止数据丢失
E:\大学课程\大三上_编译原理\实验\Compiler\Compiler\lexic_list.h(1,1): warning C4819: 该文件包含不能在当前代码页(936)中表示的字符。请将该文件保存为 Unicode 格式以防止数据丢失
  lexical_matching.cpp
E:\大学课程\大三上_编译原理\实验\Compiler\Compiler\lexical_matching.cpp(1,1): warning C4819: 该文件包含不能在当前代码页(936)中表示的字符。请将该文件保存为 Unicode 格式以防止数据丢失
E:\大学课程\大三上_编译原理\实验\Compiler\Compiler\lexic_list.h(1,1): warning C4819: 该文件包含不能在当前代码页(936)中表示的字符。请将该文件保存为 Unicode 格式以防止数据丢失
  Main.cpp
E:\大学课程\大三上_编译原理\实验\Compiler\Compiler\lexic_list.h(1,1): warning C4819: 该文件包含不能在当前代码页(936)中表示的字符。请将该文件保存为 Unicode 格式以防止数据丢失
  match_map_build.cpp
E:\大学课程\大三上_编译原理\实验\Compiler\Compiler\lexic_list.h(1,1): warning C4819: 该文件包含不能在当前代码页(936)中表示的字符。请将该文件保存为 Unicode 格式以防止数据丢失
  sentence_gramma.cpp
E:\大学课程\大三上_编译原理\实验\Compiler\Compiler\lexic_list.h(1,1): warning C4819: 该文件包含不能在当前代码页(936)中表示的字符。请将该文件保存为 Unicode 格式以防止数据丢失
  正在生成代码...
define_gramma.obj : error LNK2019: 无法解析的外部符号 "class Expression * __cdecl expressionBuilder(class std::vector<class Lexic *,class std::allocator<class Lexic *> > &,int &,class BlockSentence *,class Program *)" (?expressionBuilder@@YAPEAVExpression@@AEAV?$vector@PEAVLexic@@V?$allocator@PEAVLexic@@@std@@@std@@AEAHPEAVBlockSentence@@PEAVProgram@@@Z)，函数 "void __cdecl valueBuilder(class std::vector<class Lexic *,class std::allocator<class Lexic *> > &,int &,class BlockSentence *,class Program *)" (?valueBuilder@@YAXAEAV?$vector@PEAVLexic@@V?$allocator@PEAVLexic@@@std@@@std@@AEAHPEAVBlockSentence@@PEAVProgram@@@Z) 中引用了该符号
sentence_gramma.obj : error LNK2001: 无法解析的外部符号 "class Expression * __cdecl expressionBuilder(class std::vector<class Lexic *,class std::allocator<class Lexic *> > &,int &,class BlockSentence *,class Program *)" (?expressionBuilder@@YAPEAVExpression@@AEAV?$vector@PEAVLexic@@V?$allocator@PEAVLexic@@@std@@@std@@AEAHPEAVBlockSentence@@PEAVProgram@@@Z)
sentence_gramma.obj : error LNK2019: 无法解析的外部符号 "class ReturnSentence * __cdecl returnBuilder(class std::vector<class Lexic *,class std::allocator<class Lexic *> > &,int &,class BlockSentence *,class Program *)" (?returnBuilder@@YAPEAVReturnSentence@@AEAV?$vector@PEAVLexic@@V?$allocator@PEAVLexic@@@std@@@std@@AEAHPEAVBlockSentence@@PEAVProgram@@@Z)，函数 "class Sentence * __cdecl sentenceBuilder(class std::vector<class Lexic *,class std::allocator<class Lexic *> > &,int &,class BlockSentence *,class Program *)" (?sentenceBuilder@@YAPEAVSentence@@AEAV?$vector@PEAVLexic@@V?$allocator@PEAVLexic@@@std@@@std@@AEAHPEAVBlockSentence@@PEAVProgram@@@Z) 中引用了该符号
sentence_gramma.obj : error LNK2019: 无法解析的外部符号 "class Condition * __cdecl conditionBuilder(class std::vector<class Lexic *,class std::allocator<class Lexic *> > &,int &,class BlockSentence *,class Program *)" (?conditionBuilder@@YAPEAVCondition@@AEAV?$vector@PEAVLexic@@V?$allocator@PEAVLexic@@@std@@@std@@AEAHPEAVBlockSentence@@PEAVProgram@@@Z)，函数 "class ForSentence * __cdecl forBuilder(class std::vector<class Lexic *,class std::allocator<class Lexic *> > &,int &,class BlockSentence *,class Program *)" (?forBuilder@@YAPEAVForSentence@@AEAV?$vector@PEAVLexic@@V?$allocator@PEAVLexic@@@std@@@std@@AEAHPEAVBlockSentence@@PEAVProgram@@@Z) 中引用了该符号
E:\大学课程\大三上_编译原理\实验\Compiler\Compiler\x64\Debug\Compiler.exe : fatal error LNK1120: 3 个无法解析的外部命令
