e:\大学课程\大三上_编译原理\实验\compiler\x64\debug\vc143.pdb
e:\大学课程\大三上_编译原理\实验\compiler\x64\debug\vc143.idb
e:\大学课程\大三上_编译原理\实验\compiler\x64\debug\lexical_matching.obj
e:\大学课程\大三上_编译原理\实验\compiler\x64\debug\lexical_analyzer.obj
e:\大学课程\大三上_编译原理\实验\compiler\x64\debug\define_gramma.obj
e:\大学课程\大三上_编译原理\实验\compiler\x64\debug\debugger.obj
e:\大学课程\大三上_编译原理\实验\compiler\x64\debug\main.obj
e:\大学课程\大三上_编译原理\实验\compiler\x64\debug\match_map_build.obj
e:\大学课程\大三上_编译原理\实验\compiler\x64\debug\sentence_gramma.obj
e:\大学课程\大三上_编译原理\实验\compiler\x64\debug\gramma_tool.obj
e:\大学课程\大三上_编译原理\实验\compiler\x64\debug\compiler.exe
e:\大学课程\大三上_编译原理\实验\compiler\x64\debug\compiler.ilk
e:\大学课程\大三上_编译原理\实验\compiler\x64\debug\compiler.pdb
e:\大学课程\大三上_编译原理\实验\compiler\x64\debug\compiler.tlog\cl.command.1.tlog
e:\大学课程\大三上_编译原理\实验\compiler\x64\debug\compiler.tlog\cl.read.1.tlog
e:\大学课程\大三上_编译原理\实验\compiler\x64\debug\compiler.tlog\cl.write.1.tlog
e:\大学课程\大三上_编译原理\实验\compiler\x64\debug\compiler.tlog\link-cvtres.read.1.tlog
e:\大学课程\大三上_编译原理\实验\compiler\x64\debug\compiler.tlog\link-cvtres.write.1.tlog
e:\大学课程\大三上_编译原理\实验\compiler\x64\debug\compiler.tlog\link-rc.read.1.tlog
e:\大学课程\大三上_编译原理\实验\compiler\x64\debug\compiler.tlog\link-rc.write.1.tlog
e:\大学课程\大三上_编译原理\实验\compiler\x64\debug\compiler.tlog\link.15592-cvtres.read.1.tlog
e:\大学课程\大三上_编译原理\实验\compiler\x64\debug\compiler.tlog\link.15592-cvtres.write.1.tlog
e:\大学课程\大三上_编译原理\实验\compiler\x64\debug\compiler.tlog\link.15592-rc.read.1.tlog
e:\大学课程\大三上_编译原理\实验\compiler\x64\debug\compiler.tlog\link.15592-rc.write.1.tlog
e:\大学课程\大三上_编译原理\实验\compiler\x64\debug\compiler.tlog\link.15592.read.1.tlog
e:\大学课程\大三上_编译原理\实验\compiler\x64\debug\compiler.tlog\link.15592.read.2.tlog
e:\大学课程\大三上_编译原理\实验\compiler\x64\debug\compiler.tlog\link.15592.write.1.tlog
e:\大学课程\大三上_编译原理\实验\compiler\x64\debug\compiler.tlog\link.command.1.tlog
e:\大学课程\大三上_编译原理\实验\compiler\x64\debug\compiler.tlog\link.read.1.tlog
e:\大学课程\大三上_编译原理\实验\compiler\x64\debug\compiler.tlog\link.read.2.tlog
e:\大学课程\大三上_编译原理\实验\compiler\x64\debug\compiler.tlog\link.write.1.tlog
